1709467132.686923 client started (22006): version 3.2a, socket /tmp/tmux-1000/default, protocol 8
1709467132.686934 on Linux 5.15.133.1-microsoft-standard-WSL2 #1 SMP Thu Oct 5 21:02:42 UTC 2023
1709467132.686937 using libevent 2.1.12-stable (poll); ncurses 6.3
1709467132.686949 flags are 0x18010000
1709467132.686961 socket is /tmp/tmux-1000/default
1709467132.686967 trying connect
1709467132.686973 connect failed: Connection refused
1709467132.686977 lock file is /tmp/tmux-1000/default.lock
1709467132.686993 flock succeeded
1709467132.686995 got lock (6)
1709467132.686998 trying connect
1709467132.687002 connect failed: Connection refused
1709467132.687106 add peer 0x55f7ab4def30: 7 ((nil))
1709467132.687320 sending message 100 to peer 0x55f7ab4def30 (4 bytes)
1709467132.687325 sending message 111 to peer 0x55f7ab4def30 (8 bytes)
1709467132.687327 sending message 101 to peer 0x55f7ab4def30 (15 bytes)
1709467132.687329 sending message 109 to peer 0x55f7ab4def30 (4 bytes)
1709467132.687331 sending message 102 to peer 0x55f7ab4def30 (11 bytes)
1709467132.687334 sending message 108 to peer 0x55f7ab4def30 (61 bytes)
1709467132.687336 sending message 112 to peer 0x55f7ab4def30 (58 bytes)
1709467132.687338 sending message 112 to peer 0x55f7ab4def30 (5 bytes)
1709467132.687340 sending message 112 to peer 0x55f7ab4def30 (5 bytes)
1709467132.687343 sending message 112 to peer 0x55f7ab4def30 (6 bytes)
1709467132.687345 sending message 112 to peer 0x55f7ab4def30 (6 bytes)
1709467132.687347 sending message 112 to peer 0x55f7ab4def30 (11 bytes)
1709467132.687349 sending message 112 to peer 0x55f7ab4def30 (10 bytes)
1709467132.687351 sending message 112 to peer 0x55f7ab4def30 (13 bytes)
1709467132.687354 sending message 112 to peer 0x55f7ab4def30 (14 bytes)
1709467132.687356 sending message 112 to peer 0x55f7ab4def30 (19 bytes)
1709467132.687358 sending message 112 to peer 0x55f7ab4def30 (11 bytes)
1709467132.687360 sending message 112 to peer 0x55f7ab4def30 (10 bytes)
1709467132.687362 sending message 112 to peer 0x55f7ab4def30 (15 bytes)
1709467132.687364 sending message 112 to peer 0x55f7ab4def30 (21 bytes)
1709467132.687367 sending message 112 to peer 0x55f7ab4def30 (13 bytes)
1709467132.687369 sending message 112 to peer 0x55f7ab4def30 (7 bytes)
1709467132.687371 sending message 112 to peer 0x55f7ab4def30 (13 bytes)
1709467132.687373 sending message 112 to peer 0x55f7ab4def30 (7 bytes)
1709467132.687375 sending message 112 to peer 0x55f7ab4def30 (13 bytes)
1709467132.687377 sending message 112 to peer 0x55f7ab4def30 (9 bytes)
1709467132.687380 sending message 112 to peer 0x55f7ab4def30 (21 bytes)
1709467132.687382 sending message 112 to peer 0x55f7ab4def30 (13 bytes)
1709467132.687384 sending message 112 to peer 0x55f7ab4def30 (9 bytes)
1709467132.687386 sending message 112 to peer 0x55f7ab4def30 (16 bytes)
1709467132.687388 sending message 112 to peer 0x55f7ab4def30 (13 bytes)
1709467132.687390 sending message 112 to peer 0x55f7ab4def30 (9 bytes)
1709467132.687392 sending message 112 to peer 0x55f7ab4def30 (9 bytes)
1709467132.687395 sending message 112 to peer 0x55f7ab4def30 (12 bytes)
1709467132.687397 sending message 112 to peer 0x55f7ab4def30 (8 bytes)
1709467132.687399 sending message 112 to peer 0x55f7ab4def30 (8 bytes)
1709467132.687401 sending message 112 to peer 0x55f7ab4def30 (13 bytes)
1709467132.687403 sending message 112 to peer 0x55f7ab4def30 (7 bytes)
1709467132.687405 sending message 112 to peer 0x55f7ab4def30 (7 bytes)
1709467132.687407 sending message 112 to peer 0x55f7ab4def30 (9 bytes)
1709467132.687409 sending message 112 to peer 0x55f7ab4def30 (9 bytes)
1709467132.687412 sending message 112 to peer 0x55f7ab4def30 (15 bytes)
1709467132.687414 sending message 112 to peer 0x55f7ab4def30 (13 bytes)
1709467132.687416 sending message 112 to peer 0x55f7ab4def30 (12 bytes)
1709467132.687418 sending message 112 to peer 0x55f7ab4def30 (8 bytes)
1709467132.687420 sending message 112 to peer 0x55f7ab4def30 (14 bytes)
1709467132.687423 sending message 112 to peer 0x55f7ab4def30 (11 bytes)
1709467132.687425 sending message 112 to peer 0x55f7ab4def30 (9 bytes)
1709467132.687430 sending message 112 to peer 0x55f7ab4def30 (10 bytes)
1709467132.687432 sending message 112 to peer 0x55f7ab4def30 (10 bytes)
1709467132.687434 sending message 112 to peer 0x55f7ab4def30 (10 bytes)
1709467132.687436 sending message 112 to peer 0x55f7ab4def30 (10 bytes)
1709467132.687439 sending message 112 to peer 0x55f7ab4def30 (11 bytes)
1709467132.687441 sending message 112 to peer 0x55f7ab4def30 (12 bytes)
1709467132.687443 sending message 112 to peer 0x55f7ab4def30 (12 bytes)
1709467132.687445 sending message 112 to peer 0x55f7ab4def30 (12 bytes)
1709467132.687447 sending message 112 to peer 0x55f7ab4def30 (12 bytes)
1709467132.687449 sending message 112 to peer 0x55f7ab4def30 (12 bytes)
1709467132.687462 sending message 112 to peer 0x55f7ab4def30 (11 bytes)
1709467132.687465 sending message 112 to peer 0x55f7ab4def30 (11 bytes)
1709467132.687467 sending message 112 to peer 0x55f7ab4def30 (12 bytes)
1709467132.687469 sending message 112 to peer 0x55f7ab4def30 (12 bytes)
1709467132.687471 sending message 112 to peer 0x55f7ab4def30 (12 bytes)
1709467132.687474 sending message 112 to peer 0x55f7ab4def30 (12 bytes)
1709467132.687476 sending message 112 to peer 0x55f7ab4def30 (12 bytes)
1709467132.687478 sending message 112 to peer 0x55f7ab4def30 (9 bytes)
1709467132.687480 sending message 112 to peer 0x55f7ab4def30 (12 bytes)
1709467132.687482 sending message 112 to peer 0x55f7ab4def30 (13 bytes)
1709467132.687485 sending message 112 to peer 0x55f7ab4def30 (13 bytes)
1709467132.687487 sending message 112 to peer 0x55f7ab4def30 (13 bytes)
1709467132.687489 sending message 112 to peer 0x55f7ab4def30 (13 bytes)
1709467132.687491 sending message 112 to peer 0x55f7ab4def30 (13 bytes)
1709467132.687494 sending message 112 to peer 0x55f7ab4def30 (8 bytes)
1709467132.687496 sending message 112 to peer 0x55f7ab4def30 (11 bytes)
1709467132.687498 sending message 112 to peer 0x55f7ab4def30 (11 bytes)
1709467132.687500 sending message 112 to peer 0x55f7ab4def30 (11 bytes)
1709467132.687502 sending message 112 to peer 0x55f7ab4def30 (12 bytes)
1709467132.687504 sending message 112 to peer 0x55f7ab4def30 (12 bytes)
1709467132.687506 sending message 112 to peer 0x55f7ab4def30 (12 bytes)
1709467132.687508 sending message 112 to peer 0x55f7ab4def30 (12 bytes)
1709467132.687511 sending message 112 to peer 0x55f7ab4def30 (13 bytes)
1709467132.687513 sending message 112 to peer 0x55f7ab4def30 (13 bytes)
1709467132.687515 sending message 112 to peer 0x55f7ab4def30 (13 bytes)
1709467132.687517 sending message 112 to peer 0x55f7ab4def30 (8 bytes)
1709467132.687519 sending message 112 to peer 0x55f7ab4def30 (13 bytes)
1709467132.687521 sending message 112 to peer 0x55f7ab4def30 (13 bytes)
1709467132.687523 sending message 112 to peer 0x55f7ab4def30 (13 bytes)
1709467132.687526 sending message 112 to peer 0x55f7ab4def30 (13 bytes)
1709467132.687528 sending message 112 to peer 0x55f7ab4def30 (13 bytes)
1709467132.687530 sending message 112 to peer 0x55f7ab4def30 (12 bytes)
1709467132.687532 sending message 112 to peer 0x55f7ab4def30 (12 bytes)
1709467132.687534 sending message 112 to peer 0x55f7ab4def30 (12 bytes)
1709467132.687536 sending message 112 to peer 0x55f7ab4def30 (12 bytes)
1709467132.687538 sending message 112 to peer 0x55f7ab4def30 (13 bytes)
1709467132.687540 sending message 112 to peer 0x55f7ab4def30 (8 bytes)
1709467132.687543 sending message 112 to peer 0x55f7ab4def30 (13 bytes)
1709467132.687545 sending message 112 to peer 0x55f7ab4def30 (13 bytes)
1709467132.687547 sending message 112 to peer 0x55f7ab4def30 (13 bytes)
1709467132.687549 sending message 112 to peer 0x55f7ab4def30 (13 bytes)
1709467132.687551 sending message 112 to peer 0x55f7ab4def30 (13 bytes)
1709467132.687553 sending message 112 to peer 0x55f7ab4def30 (13 bytes)
1709467132.687556 sending message 112 to peer 0x55f7ab4def30 (13 bytes)
1709467132.687558 sending message 112 to peer 0x55f7ab4def30 (12 bytes)
1709467132.687560 sending message 112 to peer 0x55f7ab4def30 (12 bytes)
1709467132.687562 sending message 112 to peer 0x55f7ab4def30 (12 bytes)
1709467132.687567 sending message 112 to peer 0x55f7ab4def30 (8 bytes)
1709467132.687569 sending message 112 to peer 0x55f7ab4def30 (12 bytes)
1709467132.687571 sending message 112 to peer 0x55f7ab4def30 (13 bytes)
1709467132.687573 sending message 112 to peer 0x55f7ab4def30 (13 bytes)
1709467132.687575 sending message 112 to peer 0x55f7ab4def30 (13 bytes)
1709467132.687577 sending message 112 to peer 0x55f7ab4def30 (13 bytes)
1709467132.687580 sending message 112 to peer 0x55f7ab4def30 (13 bytes)
1709467132.687582 sending message 112 to peer 0x55f7ab4def30 (13 bytes)
1709467132.687584 sending message 112 to peer 0x55f7ab4def30 (13 bytes)
1709467132.687586 sending message 112 to peer 0x55f7ab4def30 (13 bytes)
1709467132.687588 sending message 112 to peer 0x55f7ab4def30 (12 bytes)
1709467132.687590 sending message 112 to peer 0x55f7ab4def30 (10 bytes)
1709467132.687592 sending message 112 to peer 0x55f7ab4def30 (12 bytes)
1709467132.687594 sending message 112 to peer 0x55f7ab4def30 (12 bytes)
1709467132.687596 sending message 112 to peer 0x55f7ab4def30 (12 bytes)
1709467132.687599 sending message 112 to peer 0x55f7ab4def30 (13 bytes)
1709467132.687601 sending message 112 to peer 0x55f7ab4def30 (13 bytes)
1709467132.687603 sending message 112 to peer 0x55f7ab4def30 (13 bytes)
1709467132.687605 sending message 112 to peer 0x55f7ab4def30 (13 bytes)
1709467132.687607 sending message 112 to peer 0x55f7ab4def30 (13 bytes)
1709467132.687609 sending message 112 to peer 0x55f7ab4def30 (13 bytes)
1709467132.687611 sending message 112 to peer 0x55f7ab4def30 (13 bytes)
1709467132.687613 sending message 112 to peer 0x55f7ab4def30 (10 bytes)
1709467132.687615 sending message 112 to peer 0x55f7ab4def30 (13 bytes)
1709467132.687618 sending message 112 to peer 0x55f7ab4def30 (12 bytes)
1709467132.687620 sending message 112 to peer 0x55f7ab4def30 (12 bytes)
1709467132.687622 sending message 112 to peer 0x55f7ab4def30 (12 bytes)
1709467132.687624 sending message 112 to peer 0x55f7ab4def30 (10 bytes)
1709467132.687626 sending message 112 to peer 0x55f7ab4def30 (10 bytes)
1709467132.687628 sending message 112 to peer 0x55f7ab4def30 (10 bytes)
1709467132.687630 sending message 112 to peer 0x55f7ab4def30 (12 bytes)
1709467132.687632 sending message 112 to peer 0x55f7ab4def30 (13 bytes)
1709467132.687634 sending message 112 to peer 0x55f7ab4def30 (13 bytes)
1709467132.687637 sending message 112 to peer 0x55f7ab4def30 (13 bytes)
1709467132.687639 sending message 112 to peer 0x55f7ab4def30 (13 bytes)
1709467132.687641 sending message 112 to peer 0x55f7ab4def30 (13 bytes)
1709467132.687643 sending message 112 to peer 0x55f7ab4def30 (10 bytes)
1709467132.687645 sending message 112 to peer 0x55f7ab4def30 (11 bytes)
1709467132.687647 sending message 112 to peer 0x55f7ab4def30 (12 bytes)
1709467132.687649 sending message 112 to peer 0x55f7ab4def30 (12 bytes)
1709467132.687651 sending message 112 to peer 0x55f7ab4def30 (12 bytes)
1709467132.687654 sending message 112 to peer 0x55f7ab4def30 (12 bytes)
1709467132.687656 sending message 112 to peer 0x55f7ab4def30 (12 bytes)
1709467132.687658 sending message 112 to peer 0x55f7ab4def30 (11 bytes)
1709467132.687660 sending message 112 to peer 0x55f7ab4def30 (12 bytes)
1709467132.687662 sending message 112 to peer 0x55f7ab4def30 (12 bytes)
1709467132.687664 sending message 112 to peer 0x55f7ab4def30 (13 bytes)
1709467132.687666 sending message 112 to peer 0x55f7ab4def30 (13 bytes)
1709467132.687668 sending message 112 to peer 0x55f7ab4def30 (13 bytes)
1709467132.687670 sending message 112 to peer 0x55f7ab4def30 (13 bytes)
1709467132.687673 sending message 112 to peer 0x55f7ab4def30 (13 bytes)
1709467132.687675 sending message 112 to peer 0x55f7ab4def30 (10 bytes)
1709467132.687677 sending message 112 to peer 0x55f7ab4def30 (9 bytes)
1709467132.687679 sending message 112 to peer 0x55f7ab4def30 (12 bytes)
1709467132.687681 sending message 112 to peer 0x55f7ab4def30 (13 bytes)
1709467132.687683 sending message 112 to peer 0x55f7ab4def30 (13 bytes)
1709467132.687686 sending message 112 to peer 0x55f7ab4def30 (13 bytes)
1709467132.687689 sending message 112 to peer 0x55f7ab4def30 (13 bytes)
1709467132.687692 sending message 112 to peer 0x55f7ab4def30 (13 bytes)
1709467132.687694 sending message 112 to peer 0x55f7ab4def30 (9 bytes)
1709467132.687696 sending message 112 to peer 0x55f7ab4def30 (12 bytes)
1709467132.687698 sending message 112 to peer 0x55f7ab4def30 (13 bytes)
1709467132.687700 sending message 112 to peer 0x55f7ab4def30 (13 bytes)
1709467132.687702 sending message 112 to peer 0x55f7ab4def30 (13 bytes)
1709467132.687704 sending message 112 to peer 0x55f7ab4def30 (13 bytes)
1709467132.687706 sending message 112 to peer 0x55f7ab4def30 (13 bytes)
1709467132.687708 sending message 112 to peer 0x55f7ab4def30 (11 bytes)
1709467132.687711 sending message 112 to peer 0x55f7ab4def30 (12 bytes)
1709467132.687713 sending message 112 to peer 0x55f7ab4def30 (13 bytes)
1709467132.687715 sending message 112 to peer 0x55f7ab4def30 (13 bytes)
1709467132.687717 sending message 112 to peer 0x55f7ab4def30 (13 bytes)
1709467132.687719 sending message 112 to peer 0x55f7ab4def30 (13 bytes)
1709467132.687721 sending message 112 to peer 0x55f7ab4def30 (13 bytes)
1709467132.687723 sending message 112 to peer 0x55f7ab4def30 (11 bytes)
1709467132.687725 sending message 112 to peer 0x55f7ab4def30 (12 bytes)
1709467132.687727 sending message 112 to peer 0x55f7ab4def30 (12 bytes)
1709467132.687735 sending message 112 to peer 0x55f7ab4def30 (12 bytes)
1709467132.687739 sending message 112 to peer 0x55f7ab4def30 (12 bytes)
1709467132.687742 sending message 112 to peer 0x55f7ab4def30 (12 bytes)
1709467132.687744 sending message 112 to peer 0x55f7ab4def30 (21 bytes)
1709467132.687746 sending message 112 to peer 0x55f7ab4def30 (12 bytes)
1709467132.687748 sending message 112 to peer 0x55f7ab4def30 (9 bytes)
1709467132.687750 sending message 112 to peer 0x55f7ab4def30 (6 bytes)
1709467132.687752 sending message 112 to peer 0x55f7ab4def30 (13 bytes)
1709467132.687754 sending message 112 to peer 0x55f7ab4def30 (10 bytes)
1709467132.687756 sending message 112 to peer 0x55f7ab4def30 (24 bytes)
1709467132.687759 sending message 112 to peer 0x55f7ab4def30 (13 bytes)
1709467132.687761 sending message 112 to peer 0x55f7ab4def30 (9 bytes)
1709467132.687763 sending message 112 to peer 0x55f7ab4def30 (70 bytes)
1709467132.687766 sending message 112 to peer 0x55f7ab4def30 (69 bytes)
1709467132.687768 sending message 112 to peer 0x55f7ab4def30 (12 bytes)
1709467132.687770 sending message 112 to peer 0x55f7ab4def30 (10 bytes)
1709467132.687773 sending message 112 to peer 0x55f7ab4def30 (10 bytes)
1709467132.687775 sending message 112 to peer 0x55f7ab4def30 (24 bytes)
1709467132.687777 sending message 112 to peer 0x55f7ab4def30 (13 bytes)
1709467132.687779 sending message 112 to peer 0x55f7ab4def30 (10 bytes)
1709467132.687781 sending message 112 to peer 0x55f7ab4def30 (10 bytes)
1709467132.687783 sending message 112 to peer 0x55f7ab4def30 (10 bytes)
1709467132.687785 sending message 112 to peer 0x55f7ab4def30 (13 bytes)
1709467132.687787 sending message 112 to peer 0x55f7ab4def30 (15 bytes)
1709467132.687789 sending message 112 to peer 0x55f7ab4def30 (5 bytes)
1709467132.687792 sending message 104 to peer 0x55f7ab4def30 (0 bytes)
1709467132.687795 sending message 110 to peer 0x55f7ab4def30 (0 bytes)
1709467132.687798 sending message 107 to peer 0x55f7ab4def30 (4 bytes)
1709467132.687800 sending message 105 to peer 0x55f7ab4def30 (16 bytes)
1709467132.687802 sending message 105 to peer 0x55f7ab4def30 (17 bytes)
1709467132.687804 sending message 105 to peer 0x55f7ab4def30 (1767 bytes)
1709467132.687807 sending message 105 to peer 0x55f7ab4def30 (20 bytes)
1709467132.687809 sending message 105 to peer 0x55f7ab4def30 (38 bytes)
1709467132.687812 sending message 105 to peer 0x55f7ab4def30 (11 bytes)
1709467132.687814 sending message 105 to peer 0x55f7ab4def30 (26 bytes)
1709467132.687816 sending message 105 to peer 0x55f7ab4def30 (40 bytes)
1709467132.687818 sending message 105 to peer 0x55f7ab4def30 (24 bytes)
1709467132.687820 sending message 105 to peer 0x55f7ab4def30 (56 bytes)
1709467132.687824 sending message 105 to peer 0x55f7ab4def30 (20 bytes)
1709467132.687826 sending message 105 to peer 0x55f7ab4def30 (21 bytes)
1709467132.687828 sending message 105 to peer 0x55f7ab4def30 (46 bytes)
1709467132.687830 sending message 105 to peer 0x55f7ab4def30 (34 bytes)
1709467132.687832 sending message 105 to peer 0x55f7ab4def30 (21 bytes)
1709467132.687835 sending message 105 to peer 0x55f7ab4def30 (19 bytes)
1709467132.687837 sending message 105 to peer 0x55f7ab4def30 (13 bytes)
1709467132.687839 sending message 105 to peer 0x55f7ab4def30 (16 bytes)
1709467132.687841 sending message 105 to peer 0x55f7ab4def30 (19 bytes)
1709467132.687843 sending message 105 to peer 0x55f7ab4def30 (32 bytes)
1709467132.687845 sending message 105 to peer 0x55f7ab4def30 (8 bytes)
1709467132.687847 sending message 105 to peer 0x55f7ab4def30 (65 bytes)
1709467132.687849 sending message 105 to peer 0x55f7ab4def30 (68 bytes)
1709467132.687851 sending message 105 to peer 0x55f7ab4def30 (29 bytes)
1709467132.687853 sending message 105 to peer 0x55f7ab4def30 (44 bytes)
1709467132.687855 sending message 105 to peer 0x55f7ab4def30 (11 bytes)
1709467132.687857 sending message 105 to peer 0x55f7ab4def30 (8 bytes)
1709467132.687859 sending message 105 to peer 0x55f7ab4def30 (32 bytes)
1709467132.687862 sending message 105 to peer 0x55f7ab4def30 (1519 bytes)
1709467132.687865 sending message 105 to peer 0x55f7ab4def30 (30 bytes)
1709467132.687867 sending message 105 to peer 0x55f7ab4def30 (41 bytes)
1709467132.687869 sending message 105 to peer 0x55f7ab4def30 (77 bytes)
1709467132.687871 sending message 105 to peer 0x55f7ab4def30 (32 bytes)
1709467132.687873 sending message 105 to peer 0x55f7ab4def30 (10 bytes)
1709467132.687876 sending message 105 to peer 0x55f7ab4def30 (2118 bytes)
1709467132.687878 sending message 105 to peer 0x55f7ab4def30 (32 bytes)
1709467132.687880 sending message 105 to peer 0x55f7ab4def30 (17 bytes)
1709467132.687882 sending message 105 to peer 0x55f7ab4def30 (21 bytes)
1709467132.687884 sending message 105 to peer 0x55f7ab4def30 (46 bytes)
1709467132.687887 sending message 105 to peer 0x55f7ab4def30 (49 bytes)
1709467132.687889 sending message 105 to peer 0x55f7ab4def30 (21 bytes)
1709467132.687891 sending message 105 to peer 0x55f7ab4def30 (48 bytes)
1709467132.687893 sending message 105 to peer 0x55f7ab4def30 (29 bytes)
1709467132.687895 sending message 105 to peer 0x55f7ab4def30 (29 bytes)
1709467132.687897 sending message 105 to peer 0x55f7ab4def30 (35 bytes)
1709467132.687899 sending message 105 to peer 0x55f7ab4def30 (43 bytes)
1709467132.687902 sending message 105 to peer 0x55f7ab4def30 (39 bytes)
1709467132.687904 sending message 105 to peer 0x55f7ab4def30 (21 bytes)
1709467132.687906 sending message 105 to peer 0x55f7ab4def30 (42 bytes)
1709467132.687908 sending message 105 to peer 0x55f7ab4def30 (38 bytes)
1709467132.687910 sending message 105 to peer 0x55f7ab4def30 (35 bytes)
1709467132.687912 sending message 105 to peer 0x55f7ab4def30 (49 bytes)
1709467132.687915 sending message 105 to peer 0x55f7ab4def30 (25 bytes)
1709467132.687917 sending message 105 to peer 0x55f7ab4def30 (27 bytes)
1709467132.687919 sending message 105 to peer 0x55f7ab4def30 (16 bytes)
1709467132.687921 sending message 105 to peer 0x55f7ab4def30 (54 bytes)
1709467132.687923 sending message 105 to peer 0x55f7ab4def30 (63 bytes)
1709467132.687925 sending message 105 to peer 0x55f7ab4def30 (12 bytes)
1709467132.687928 sending message 105 to peer 0x55f7ab4def30 (42 bytes)
1709467132.687930 sending message 105 to peer 0x55f7ab4def30 (45 bytes)
1709467132.687932 sending message 105 to peer 0x55f7ab4def30 (7 bytes)
1709467132.687934 sending message 105 to peer 0x55f7ab4def30 (11 bytes)
1709467132.687936 sending message 105 to peer 0x55f7ab4def30 (53 bytes)
1709467132.687939 sending message 105 to peer 0x55f7ab4def30 (14 bytes)
1709467132.687941 sending message 105 to peer 0x55f7ab4def30 (31 bytes)
1709467132.687943 sending message 105 to peer 0x55f7ab4def30 (47 bytes)
1709467132.687945 sending message 105 to peer 0x55f7ab4def30 (50 bytes)
1709467132.687949 sending message 105 to peer 0x55f7ab4def30 (16 bytes)
1709467132.687962 sending message 106 to peer 0x55f7ab4def30 (0 bytes)
1709467132.687969 sending message 200 to peer 0x55f7ab4def30 (4 bytes)
1709467132.687971 client loop enter
1709467132.687993 client_signal: Child exited
1709467133.013085 peer 0x55f7ab4def30 message 207
1709467133.013093 sending message 208 to peer 0x55f7ab4def30 (0 bytes)
1709467138.610077 peer 0x55f7ab4def30 message 203
1709467138.610086 sending message 205 to peer 0x55f7ab4def30 (0 bytes)
1709467138.610379 peer 0x55f7ab4def30 message 204
1709467138.610385 client loop exit
